<?xml version="1.0" encoding="UTF-8"?>
<!-- Generated by org.testng.reporters.JUnitXMLReporter -->
<testsuite hostname="apples-MacBook-Pro.local" ignored="0" name="Test1" tests="2" failures="0" timestamp="05 Dec 2021 15:47:12 GMT" time="55.903" errors="0">
  <testcase name="TC_01_Clicking_on_dashboard_is_working_fine" time="31.784" classname="com.zaarolbasic.testCases.SmokeSuite.TC_01_Dashboard"/>
  <testcase name="TC_01_Clicking_on_CustomerPage_Working_Fine" time="1.783" classname="com.zaarolbasic.testCases.SmokeSuite.TC_04_Customer"/>
</testsuite> <!-- Test1 -->
