<?xml version="1.0" encoding="UTF-8"?>
<testng-results skipped="0" failed="0" ignored="0" total="1" passed="1">
  <reporter-output>
  </reporter-output>
  <suite name="Zaarol" duration-ms="35988" started-at="2021-11-17T12:33:27Z" finished-at="2021-11-17T12:34:03Z">
    <groups>
    </groups>
    <test name="Test1" duration-ms="35988" started-at="2021-11-17T12:33:27Z" finished-at="2021-11-17T12:34:03Z">
      <class name="com.zaarolbasic.testCases.TC_LoginTest_001">
        <test-method status="PASS" signature="setup(java.lang.String)[pri:0, instance:com.zaarolbasic.testCases.TC_LoginTest_001@4e04a765]" name="setup" is-config="true" duration-ms="2087" started-at="2021-11-17T12:33:27Z" finished-at="2021-11-17T12:33:29Z">
          <params>
            <param index="0">
              <value>
                <![CDATA[chrome]]>
              </value>
            </param>
          </params>
          <reporter-output>
          </reporter-output>
        </test-method> <!-- setup -->
        <test-method status="PASS" signature="loginTest()[pri:0, instance:com.zaarolbasic.testCases.TC_LoginTest_001@4e04a765]" name="loginTest" duration-ms="33625" started-at="2021-11-17T12:33:29Z" finished-at="2021-11-17T12:34:03Z">
          <reporter-output>
          </reporter-output>
        </test-method> <!-- loginTest -->
        <test-method status="PASS" signature="tearDown()[pri:0, instance:com.zaarolbasic.testCases.TC_LoginTest_001@4e04a765]" name="tearDown" is-config="true" duration-ms="90" started-at="2021-11-17T12:34:03Z" finished-at="2021-11-17T12:34:03Z">
          <reporter-output>
          </reporter-output>
        </test-method> <!-- tearDown -->
      </class> <!-- com.zaarolbasic.testCases.TC_LoginTest_001 -->
    </test> <!-- Test1 -->
  </suite> <!-- Zaarol -->
</testng-results>
