<?xml version="1.0" encoding="UTF-8"?>
<testng-results skipped="0" failed="0" ignored="0" total="2" passed="2">
  <reporter-output>
  </reporter-output>
  <suite name="Zaarol" duration-ms="55903" started-at="2021-12-05T15:46:16Z" finished-at="2021-12-05T15:47:12Z">
    <groups>
    </groups>
    <test name="Test1" duration-ms="55903" started-at="2021-12-05T15:46:16Z" finished-at="2021-12-05T15:47:12Z">
      <class name="com.zaarolbasic.testCases.SmokeSuite.TC_04_Customer">
        <test-method status="PASS" signature="setup(java.lang.String)[pri:0, instance:com.zaarolbasic.testCases.SmokeSuite.TC_04_Customer@ff5b51f]" name="setup" is-config="true" duration-ms="1133" started-at="2021-12-05T15:46:58Z" finished-at="2021-12-05T15:46:59Z">
          <params>
            <param index="0">
              <value>
                <![CDATA[chrome]]>
              </value>
            </param>
          </params>
          <reporter-output>
          </reporter-output>
        </test-method> <!-- setup -->
        <test-method status="PASS" signature="init()[pri:0, instance:com.zaarolbasic.testCases.SmokeSuite.TC_04_Customer@ff5b51f]" name="init" is-config="true" duration-ms="11500" started-at="2021-12-05T15:46:59Z" finished-at="2021-12-05T15:47:10Z">
          <reporter-output>
          </reporter-output>
        </test-method> <!-- init -->
        <test-method status="PASS" signature="TC_01_Clicking_on_CustomerPage_Working_Fine()[pri:1, instance:com.zaarolbasic.testCases.SmokeSuite.TC_04_Customer@ff5b51f]" name="TC_01_Clicking_on_CustomerPage_Working_Fine" duration-ms="1783" started-at="2021-12-05T15:47:10Z" finished-at="2021-12-05T15:47:12Z">
          <reporter-output>
          </reporter-output>
        </test-method> <!-- TC_01_Clicking_on_CustomerPage_Working_Fine -->
        <test-method status="PASS" signature="tearDown()[pri:0, instance:com.zaarolbasic.testCases.SmokeSuite.TC_04_Customer@ff5b51f]" name="tearDown" is-config="true" duration-ms="85" started-at="2021-12-05T15:47:12Z" finished-at="2021-12-05T15:47:12Z">
          <reporter-output>
          </reporter-output>
        </test-method> <!-- tearDown -->
      </class> <!-- com.zaarolbasic.testCases.SmokeSuite.TC_04_Customer -->
      <class name="com.zaarolbasic.testCases.SmokeSuite.TC_01_Dashboard">
        <test-method status="PASS" signature="setup(java.lang.String)[pri:0, instance:com.zaarolbasic.testCases.SmokeSuite.TC_01_Dashboard@1ed4004b]" name="setup" is-config="true" duration-ms="1650" started-at="2021-12-05T15:46:16Z" finished-at="2021-12-05T15:46:18Z">
          <params>
            <param index="0">
              <value>
                <![CDATA[chrome]]>
              </value>
            </param>
          </params>
          <reporter-output>
          </reporter-output>
        </test-method> <!-- setup -->
        <test-method status="PASS" signature="init()[pri:0, instance:com.zaarolbasic.testCases.SmokeSuite.TC_01_Dashboard@1ed4004b]" name="init" is-config="true" duration-ms="7717" started-at="2021-12-05T15:46:18Z" finished-at="2021-12-05T15:46:26Z">
          <reporter-output>
          </reporter-output>
        </test-method> <!-- init -->
        <test-method status="PASS" signature="TC_01_Clicking_on_dashboard_is_working_fine()[pri:1, instance:com.zaarolbasic.testCases.SmokeSuite.TC_01_Dashboard@1ed4004b]" name="TC_01_Clicking_on_dashboard_is_working_fine" duration-ms="31784" started-at="2021-12-05T15:46:26Z" finished-at="2021-12-05T15:46:57Z">
          <reporter-output>
          </reporter-output>
        </test-method> <!-- TC_01_Clicking_on_dashboard_is_working_fine -->
        <test-method status="PASS" signature="tearDown()[pri:0, instance:com.zaarolbasic.testCases.SmokeSuite.TC_01_Dashboard@1ed4004b]" name="tearDown" is-config="true" duration-ms="95" started-at="2021-12-05T15:46:58Z" finished-at="2021-12-05T15:46:58Z">
          <reporter-output>
          </reporter-output>
        </test-method> <!-- tearDown -->
      </class> <!-- com.zaarolbasic.testCases.SmokeSuite.TC_01_Dashboard -->
    </test> <!-- Test1 -->
  </suite> <!-- Zaarol -->
</testng-results>
